2025-11-09 17:37:44,770 [INFO] - Loading model and preprocessing objects...
2025-11-09 17:37:44,873 [INFO] - Model and preprocessing loaded successfully.
2025-11-09 17:37:44,873 [INFO] - Loading new data...
2025-11-09 17:37:44,965 [INFO] - New data loaded. Shape: (100000, 14)
2025-11-09 17:37:44,965 [INFO] - Preprocessing new data...
2025-11-09 17:37:46,925 [INFO] - New data transformed. Shape: (100000, 149)
2025-11-09 17:37:46,925 [INFO] - Generating predictions...
2025-11-09 17:37:49,376 [INFO] - Predictions generated successfully.
2025-11-09 17:37:49,409 [INFO] - Predictions saved to predictions/new_data_predictions.csv
2025-11-09 17:40:04,030 [INFO] - Loading model and preprocessing objects...
2025-11-09 17:40:04,097 [INFO] - Model and preprocessing loaded successfully.
2025-11-09 17:40:04,097 [INFO] - Loading new data...
2025-11-09 17:40:04,182 [INFO] - New data loaded. Shape: (100000, 14)
2025-11-09 17:40:04,182 [INFO] - Preprocessing new data...
2025-11-09 17:40:06,139 [INFO] - New data transformed. Shape: (100000, 149)
2025-11-09 17:40:06,139 [INFO] - Generating predictions...
2025-11-09 17:40:08,494 [INFO] - Predictions generated successfully.
2025-11-09 17:40:08,516 [INFO] - Predictions saved to predictions/new_data_predictions.csv
2025-11-10 22:39:09,925 [INFO] - Loading model and preprocessing objects...
2025-11-10 22:39:10,035 [INFO] - Model and preprocessing loaded successfully.
2025-11-10 22:39:10,035 [INFO] - Loading new data...
2025-11-10 22:39:10,632 [INFO] - New data loaded. Shape: (100000, 14)
2025-11-10 22:39:10,632 [INFO] - Preprocessing new data...
2025-11-10 22:39:12,714 [INFO] - New data transformed. Shape: (100000, 149)
2025-11-10 22:39:12,714 [INFO] - Generating predictions...
2025-11-10 22:39:15,194 [INFO] - Predictions generated successfully.
2025-11-10 22:39:15,232 [INFO] - Predictions saved to predictions/new_data_predictions.csv
2025-11-11 21:48:03,753 [INFO] - Loading model and preprocessing objects...
2025-11-11 21:48:03,833 [INFO] - Model and preprocessing loaded successfully.
2025-11-11 21:48:03,833 [INFO] - Loading new data...
2025-11-11 21:48:03,951 [INFO] - New data loaded. Shape: (100000, 14)
2025-11-11 21:48:03,951 [INFO] - Preprocessing new data...
2025-11-11 21:48:05,863 [INFO] - New data transformed. Shape: (100000, 149)
2025-11-11 21:48:05,863 [INFO] - Generating predictions...
2025-11-11 21:48:08,474 [INFO] - Predictions generated successfully.
2025-11-11 21:48:08,512 [INFO] - Predictions saved to predictions/new_data_predictions.csv
